[php_errors] [2024-02-04T15:36:02+00:00]: Error [2]: mkdir(): Permission denied in system/plugins/smarty/smarty/libs/sysplugins/smarty_internal_runtime_writefile.php on line 39
[php_errors] [2024-02-04T15:36:03+00:00]: Error [2]: mkdir(): Permission denied in system/plugins/smarty/smarty/libs/sysplugins/smarty_internal_runtime_writefile.php on line 39
[php_errors] [2024-02-04T15:36:04+00:00]: Error [2]: mkdir(): Permission denied in system/plugins/smarty/smarty/libs/sysplugins/smarty_internal_runtime_writefile.php on line 39
[php_errors] [2024-02-04T15:37:36+00:00]: Error [2]: mkdir(): Permission denied in system/plugins/smarty/smarty/libs/sysplugins/smarty_internal_runtime_writefile.php on line 39
[php_errors] [2024-02-04T15:37:37+00:00]: Error [2]: mkdir(): Permission denied in system/plugins/smarty/smarty/libs/sysplugins/smarty_internal_runtime_writefile.php on line 39
[php_errors] [2024-02-04T15:37:38+00:00]: Error [2]: mkdir(): Permission denied in system/plugins/smarty/smarty/libs/sysplugins/smarty_internal_runtime_writefile.php on line 39
[php_errors] [2024-02-04T15:38:37+00:00]: Error [2]: mkdir(): Permission denied in system/plugins/smarty/smarty/libs/sysplugins/smarty_internal_runtime_writefile.php on line 39
[php_errors] [2024-02-04T15:38:38+00:00]: Error [2]: mkdir(): Permission denied in system/plugins/smarty/smarty/libs/sysplugins/smarty_internal_runtime_writefile.php on line 39
[php_errors] [2024-02-04T15:38:39+00:00]: Error [2]: mkdir(): Permission denied in system/plugins/smarty/smarty/libs/sysplugins/smarty_internal_runtime_writefile.php on line 39
[php_errors] [2024-02-04T15:40:10+00:00]: Error [2]: file_put_contents(/Applications/XAMPP/xamppfiles/htdocs/luminova.com/resources/views/smt_compiled/wrt65bfafda8986e4_84886139): Failed to open stream: Permission denied in system/plugins/smarty/smarty/libs/sysplugins/smarty_internal_runtime_writefile.php on line 52
[php_errors] [2024-02-04T15:41:23+00:00]: Error [2]: file_put_contents(/Applications/XAMPP/xamppfiles/htdocs/luminova.com/resources/views/smt_compiled/wrt65bfb023cb1cb3_59216627): Failed to open stream: Permission denied in system/plugins/smarty/smarty/libs/sysplugins/smarty_internal_runtime_writefile.php on line 52
[php_errors] [2024-02-04T15:41:34+00:00]: Error [2]: file_put_contents(/Applications/XAMPP/xamppfiles/htdocs/luminova.com/resources/views/smt_compiled/wrt65bfb02e461591_97361334): Failed to open stream: Permission denied in system/plugins/smarty/smarty/libs/sysplugins/smarty_internal_runtime_writefile.php on line 52
[php_errors] [2024-02-04T15:43:29+00:00]: Error [2]: file_put_contents(/Applications/XAMPP/xamppfiles/htdocs/luminova.com/resources/views/smt_compiled/wrt65bfb0a10fb943_70663161): Failed to open stream: Permission denied in system/plugins/smarty/smarty/libs/sysplugins/smarty_internal_runtime_writefile.php on line 52
[php_errors] [2024-02-04T15:43:37+00:00]: Error [2]: file_put_contents(/Applications/XAMPP/xamppfiles/htdocs/luminova.com/resources/views/smt_compiled/wrt65bfb0a9a79c45_70382001): Failed to open stream: Permission denied in system/plugins/smarty/smarty/libs/sysplugins/smarty_internal_runtime_writefile.php on line 52
[php_errors] [2024-02-04T15:54:31+00:00]: Error [2]: file_put_contents(/Applications/XAMPP/xamppfiles/htdocs/luminova.com/resources/views/smt_compiled/wrt65bfb3377d9ec2_13217672): Failed to open stream: Permission denied in system/plugins/smarty/smarty/libs/sysplugins/smarty_internal_runtime_writefile.php on line 52
[php_errors] [2024-02-04T15:54:32+00:00]: Error [2]: file_put_contents(/Applications/XAMPP/xamppfiles/htdocs/luminova.com/resources/views/smt_compiled/wrt65bfb3385c26f9_44422795): Failed to open stream: Permission denied in system/plugins/smarty/smarty/libs/sysplugins/smarty_internal_runtime_writefile.php on line 52
[php_errors] [2024-02-04T15:54:32+00:00]: Error [2]: file_put_contents(/Applications/XAMPP/xamppfiles/htdocs/luminova.com/resources/views/smt_compiled/wrt65bfb338883074_21458975): Failed to open stream: Permission denied in system/plugins/smarty/smarty/libs/sysplugins/smarty_internal_runtime_writefile.php on line 52
[php_errors] [2024-02-04T15:54:32+00:00]: Error [2]: file_put_contents(/Applications/XAMPP/xamppfiles/htdocs/luminova.com/resources/views/smt_compiled/wrt65bfb338c1c584_96355477): Failed to open stream: Permission denied in system/plugins/smarty/smarty/libs/sysplugins/smarty_internal_runtime_writefile.php on line 52
[php_errors] [2024-02-04T15:55:25+00:00]: Error [2]: file_put_contents(/Applications/XAMPP/xamppfiles/htdocs/luminova.com/resources/views/smt_compiled/wrt65bfb36d53a1d1_72700740): Failed to open stream: Permission denied in system/plugins/smarty/smarty/libs/sysplugins/smarty_internal_runtime_writefile.php on line 52
[php_errors] [2024-02-04T15:56:30+00:00]: Error [2]: Undefined array key "name" in resources/views/smt_compiled/646c9b3cfdc0bb5829294f4694696b68e4a63e74_0.file.index.tpl.php on line 24
[php_errors] [2024-02-04T15:56:30+00:00]: Error [2]: Attempt to read property "value" on null in resources/views/smt_compiled/646c9b3cfdc0bb5829294f4694696b68e4a63e74_0.file.index.tpl.php on line 24
[php_errors] [2024-02-04T15:57:47+00:00]: Error [2]: Undefined array key "this" in resources/views/smt_compiled/646c9b3cfdc0bb5829294f4694696b68e4a63e74_0.file.index.tpl.php on line 24
[php_errors] [2024-02-04T15:57:47+00:00]: Error [2]: Attempt to read property "value" on null in resources/views/smt_compiled/646c9b3cfdc0bb5829294f4694696b68e4a63e74_0.file.index.tpl.php on line 24
[php_errors] [2024-02-04T15:57:47+00:00]: Error [2]: Attempt to read property "_name" on null in resources/views/smt_compiled/646c9b3cfdc0bb5829294f4694696b68e4a63e74_0.file.index.tpl.php on line 24
[php_errors] [2024-02-04T16:10:17+00:00]: Error [2]: Undefined array key "this" in resources/views/smt_compiled/646c9b3cfdc0bb5829294f4694696b68e4a63e74_0.file.index.tpl.php on line 24
[php_errors] [2024-02-04T16:10:17+00:00]: Error [2]: Attempt to read property "value" on null in resources/views/smt_compiled/646c9b3cfdc0bb5829294f4694696b68e4a63e74_0.file.index.tpl.php on line 24
[php_errors] [2024-02-04T16:10:17+00:00]: Error [2]: Attempt to read property "_name" on null in resources/views/smt_compiled/646c9b3cfdc0bb5829294f4694696b68e4a63e74_0.file.index.tpl.php on line 24
[php_errors] [2024-02-04T16:10:41+00:00]: Error [2]: Undefined array key "this" in resources/views/smt_compiled/646c9b3cfdc0bb5829294f4694696b68e4a63e74_0.file.index.tpl.php on line 24
[php_errors] [2024-02-04T16:10:41+00:00]: Error [2]: Attempt to read property "value" on null in resources/views/smt_compiled/646c9b3cfdc0bb5829294f4694696b68e4a63e74_0.file.index.tpl.php on line 24
[php_errors] [2024-02-04T16:10:41+00:00]: Error [2]: Attempt to read property "_base" on null in resources/views/smt_compiled/646c9b3cfdc0bb5829294f4694696b68e4a63e74_0.file.index.tpl.php on line 24
[php_errors] [2024-02-04T16:10:42+00:00]: Error [2]: Undefined array key "this" in resources/views/smt_compiled/646c9b3cfdc0bb5829294f4694696b68e4a63e74_0.file.index.tpl.php on line 24
[php_errors] [2024-02-04T16:10:42+00:00]: Error [2]: Attempt to read property "value" on null in resources/views/smt_compiled/646c9b3cfdc0bb5829294f4694696b68e4a63e74_0.file.index.tpl.php on line 24
[php_errors] [2024-02-04T16:10:42+00:00]: Error [2]: Attempt to read property "_base" on null in resources/views/smt_compiled/646c9b3cfdc0bb5829294f4694696b68e4a63e74_0.file.index.tpl.php on line 24
[php_errors] [2024-02-04T16:11:59+00:00]: Error [8192]: htmlspecialchars(): Passing null to parameter #1 ($string) of type string is deprecated in resources/views/system_errors/exceptions.php on line 12
[php_errors] [2024-02-04T16:11:59+00:00]: Error [2]: file_get_contents(/Applications/XAMPP/xamppfiles/htdocs/luminova.com/resources/views/system_errors/debug.js): Failed to open stream: No such file or directory in resources/views/system_errors/exceptions.php on line 18
[php_errors] [2024-02-04T16:11:59+00:00]: Error [8192]: htmlspecialchars(): Passing null to parameter #1 ($string) of type string is deprecated in resources/views/system_errors/exceptions.php on line 26
[php_errors] [2024-02-04T16:11:59+00:00]: Error [2]: Undefined variable $title in resources/views/system_errors/exceptions.php on line 29
[php_errors] [2024-02-04T16:11:59+00:00]: Error [2]: Undefined variable $file in resources/views/system_errors/exceptions.php on line 37
[php_errors] [2024-02-04T16:11:59+00:00]: Error [8192]: trim(): Passing null to parameter #1 ($string) of type string is deprecated in resources/views/system_errors/exceptions.php on line 37
[php_errors] [2024-02-04T16:11:59+00:00]: Error [2]: Undefined variable $line in resources/views/system_errors/exceptions.php on line 37
[php_errors] [2024-02-04T16:11:59+00:00]: Error [8192]: htmlspecialchars(): Passing null to parameter #1 ($string) of type string is deprecated in resources/views/system_errors/exceptions.php on line 37
[php_errors] [2024-02-04T16:11:59+00:00]: Error [2]: Undefined variable $file in resources/views/system_errors/exceptions.php on line 39
[php_errors] [2024-02-04T16:11:59+00:00]: Error [8192]: is_file(): Passing null to parameter #1 ($filename) of type string is deprecated in resources/views/system_errors/exceptions.php on line 39
[php_errors] [2024-02-06T19:08:56+00:00]: Error [8192]: htmlspecialchars(): Passing null to parameter #1 ($string) of type string is deprecated in resources/views/system_errors/exceptions.php on line 12
[php_errors] [2024-02-06T19:08:56+00:00]: Error [2]: file_get_contents(/Applications/XAMPP/xamppfiles/htdocs/luminova.com/resources/views/system_errors/debug.js): Failed to open stream: No such file or directory in resources/views/system_errors/exceptions.php on line 18
[php_errors] [2024-02-06T19:08:56+00:00]: Error [8192]: htmlspecialchars(): Passing null to parameter #1 ($string) of type string is deprecated in resources/views/system_errors/exceptions.php on line 26
[php_errors] [2024-02-06T19:08:56+00:00]: Error [2]: Undefined variable $title in resources/views/system_errors/exceptions.php on line 29
[php_errors] [2024-02-06T19:08:56+00:00]: Error [2]: Undefined variable $file in resources/views/system_errors/exceptions.php on line 37
[php_errors] [2024-02-06T19:08:56+00:00]: Error [8192]: trim(): Passing null to parameter #1 ($string) of type string is deprecated in resources/views/system_errors/exceptions.php on line 37
[php_errors] [2024-02-06T19:08:56+00:00]: Error [2]: Undefined variable $line in resources/views/system_errors/exceptions.php on line 37
[php_errors] [2024-02-06T19:08:56+00:00]: Error [8192]: htmlspecialchars(): Passing null to parameter #1 ($string) of type string is deprecated in resources/views/system_errors/exceptions.php on line 37
[php_errors] [2024-02-06T19:08:56+00:00]: Error [2]: Undefined variable $file in resources/views/system_errors/exceptions.php on line 39
[php_errors] [2024-02-06T19:08:56+00:00]: Error [8192]: is_file(): Passing null to parameter #1 ($filename) of type string is deprecated in resources/views/system_errors/exceptions.php on line 39
[php_errors] [2024-02-06T19:09:44+00:00]: Error [8192]: htmlspecialchars(): Passing null to parameter #1 ($string) of type string is deprecated in resources/views/system_errors/exceptions.php on line 12
[php_errors] [2024-02-06T19:09:44+00:00]: Error [2]: file_get_contents(/Applications/XAMPP/xamppfiles/htdocs/luminova.com/resources/views/system_errors/debug.js): Failed to open stream: No such file or directory in resources/views/system_errors/exceptions.php on line 18
[php_errors] [2024-02-06T19:09:44+00:00]: Error [8192]: htmlspecialchars(): Passing null to parameter #1 ($string) of type string is deprecated in resources/views/system_errors/exceptions.php on line 26
[php_errors] [2024-02-06T19:09:44+00:00]: Error [2]: Undefined variable $title in resources/views/system_errors/exceptions.php on line 29
[php_errors] [2024-02-06T19:09:44+00:00]: Error [2]: Undefined variable $file in resources/views/system_errors/exceptions.php on line 37
[php_errors] [2024-02-06T19:09:44+00:00]: Error [8192]: trim(): Passing null to parameter #1 ($string) of type string is deprecated in resources/views/system_errors/exceptions.php on line 37
[php_errors] [2024-02-06T19:09:44+00:00]: Error [2]: Undefined variable $line in resources/views/system_errors/exceptions.php on line 37
[php_errors] [2024-02-06T19:09:44+00:00]: Error [8192]: htmlspecialchars(): Passing null to parameter #1 ($string) of type string is deprecated in resources/views/system_errors/exceptions.php on line 37
[php_errors] [2024-02-06T19:09:44+00:00]: Error [2]: Undefined variable $file in resources/views/system_errors/exceptions.php on line 39
[php_errors] [2024-02-06T19:09:44+00:00]: Error [8192]: is_file(): Passing null to parameter #1 ($filename) of type string is deprecated in resources/views/system_errors/exceptions.php on line 39
[php_errors] [2024-02-06T19:10:33+00:00]: Error [8192]: htmlspecialchars(): Passing null to parameter #1 ($string) of type string is deprecated in resources/views/system_errors/exceptions.php on line 12
[php_errors] [2024-02-06T19:10:33+00:00]: Error [2]: file_get_contents(/Applications/XAMPP/xamppfiles/htdocs/luminova.com/resources/views/system_errors/debug.js): Failed to open stream: No such file or directory in resources/views/system_errors/exceptions.php on line 18
[php_errors] [2024-02-06T19:10:33+00:00]: Error [8192]: htmlspecialchars(): Passing null to parameter #1 ($string) of type string is deprecated in resources/views/system_errors/exceptions.php on line 26
[php_errors] [2024-02-06T19:10:33+00:00]: Error [2]: Undefined variable $title in resources/views/system_errors/exceptions.php on line 29
[php_errors] [2024-02-06T19:10:33+00:00]: Error [2]: Undefined variable $file in resources/views/system_errors/exceptions.php on line 37
[php_errors] [2024-02-06T19:10:33+00:00]: Error [8192]: trim(): Passing null to parameter #1 ($string) of type string is deprecated in resources/views/system_errors/exceptions.php on line 37
[php_errors] [2024-02-06T19:10:33+00:00]: Error [2]: Undefined variable $line in resources/views/system_errors/exceptions.php on line 37
[php_errors] [2024-02-06T19:10:33+00:00]: Error [8192]: htmlspecialchars(): Passing null to parameter #1 ($string) of type string is deprecated in resources/views/system_errors/exceptions.php on line 37
[php_errors] [2024-02-06T19:10:33+00:00]: Error [2]: Undefined variable $file in resources/views/system_errors/exceptions.php on line 39
[php_errors] [2024-02-06T19:10:33+00:00]: Error [8192]: is_file(): Passing null to parameter #1 ($filename) of type string is deprecated in resources/views/system_errors/exceptions.php on line 39
[php_errors] [2024-02-06T19:12:11+00:00]: Error [8192]: htmlspecialchars(): Passing null to parameter #1 ($string) of type string is deprecated in resources/views/system_errors/exceptions.php on line 12
[php_errors] [2024-02-06T19:12:11+00:00]: Error [2]: file_get_contents(/Applications/XAMPP/xamppfiles/htdocs/luminova.com/resources/views/system_errors/debug.js): Failed to open stream: No such file or directory in resources/views/system_errors/exceptions.php on line 18
[php_errors] [2024-02-06T19:12:11+00:00]: Error [8192]: htmlspecialchars(): Passing null to parameter #1 ($string) of type string is deprecated in resources/views/system_errors/exceptions.php on line 26
[php_errors] [2024-02-06T19:12:11+00:00]: Error [2]: Undefined variable $title in resources/views/system_errors/exceptions.php on line 29
[php_errors] [2024-02-06T19:12:11+00:00]: Error [2]: Undefined variable $line in resources/views/system_errors/exceptions.php on line 37
[php_errors] [2024-02-06T19:12:11+00:00]: Error [8192]: htmlspecialchars(): Passing null to parameter #1 ($string) of type string is deprecated in resources/views/system_errors/exceptions.php on line 37
[php_errors] [2024-02-06T19:12:34+00:00]: Error [8192]: htmlspecialchars(): Passing null to parameter #1 ($string) of type string is deprecated in resources/views/system_errors/exceptions.php on line 12
[php_errors] [2024-02-06T19:12:34+00:00]: Error [2]: file_get_contents(/Applications/XAMPP/xamppfiles/htdocs/luminova.com/resources/views/system_errors/debug.js): Failed to open stream: No such file or directory in resources/views/system_errors/exceptions.php on line 18
[php_errors] [2024-02-06T19:12:34+00:00]: Error [8192]: htmlspecialchars(): Passing null to parameter #1 ($string) of type string is deprecated in resources/views/system_errors/exceptions.php on line 26
[php_errors] [2024-02-06T19:12:34+00:00]: Error [2]: Undefined variable $title in resources/views/system_errors/exceptions.php on line 29
[php_errors] [2024-02-06T19:12:48+00:00]: Error [8192]: htmlspecialchars(): Passing null to parameter #1 ($string) of type string is deprecated in resources/views/system_errors/exceptions.php on line 12
[php_errors] [2024-02-06T19:12:48+00:00]: Error [2]: file_get_contents(/Applications/XAMPP/xamppfiles/htdocs/luminova.com/resources/views/system_errors/debug.js): Failed to open stream: No such file or directory in resources/views/system_errors/exceptions.php on line 18
[php_errors] [2024-02-06T19:12:48+00:00]: Error [8192]: htmlspecialchars(): Passing null to parameter #1 ($string) of type string is deprecated in resources/views/system_errors/exceptions.php on line 26
[php_errors] [2024-02-06T19:12:48+00:00]: Error [2]: Undefined variable $title in resources/views/system_errors/exceptions.php on line 29
[php_errors] [2024-02-06T19:13:38+00:00]: Error [8192]: htmlspecialchars(): Passing null to parameter #1 ($string) of type string is deprecated in resources/views/system_errors/exceptions.php on line 12
[php_errors] [2024-02-06T19:13:38+00:00]: Error [2]: file_get_contents(/Applications/XAMPP/xamppfiles/htdocs/luminova.com/resources/views/system_errors/debug.js): Failed to open stream: No such file or directory in resources/views/system_errors/exceptions.php on line 18
[php_errors] [2024-02-06T19:13:38+00:00]: Error [8192]: htmlspecialchars(): Passing null to parameter #1 ($string) of type string is deprecated in resources/views/system_errors/exceptions.php on line 26
[php_errors] [2024-02-06T19:13:38+00:00]: Error [2]: Undefined variable $title in resources/views/system_errors/exceptions.php on line 29
[php_errors] [2024-02-06T19:15:48+00:00]: Error [8192]: htmlspecialchars(): Passing null to parameter #1 ($string) of type string is deprecated in resources/views/system_errors/exceptions.php on line 12
[php_errors] [2024-02-06T19:15:48+00:00]: Error [2]: file_get_contents(/Applications/XAMPP/xamppfiles/htdocs/luminova.com/resources/views/system_errors/debug.js): Failed to open stream: No such file or directory in resources/views/system_errors/exceptions.php on line 18
[php_errors] [2024-02-06T19:15:48+00:00]: Error [8192]: htmlspecialchars(): Passing null to parameter #1 ($string) of type string is deprecated in resources/views/system_errors/exceptions.php on line 26
[php_errors] [2024-02-06T19:15:48+00:00]: Error [2]: Undefined variable $title in resources/views/system_errors/exceptions.php on line 29
[php_errors] [2024-02-06T19:16:44+00:00]: Error [8192]: htmlspecialchars(): Passing null to parameter #1 ($string) of type string is deprecated in resources/views/system_errors/exceptions.php on line 12
[php_errors] [2024-02-06T19:16:44+00:00]: Error [8192]: htmlspecialchars(): Passing null to parameter #1 ($string) of type string is deprecated in resources/views/system_errors/exceptions.php on line 22
[php_errors] [2024-02-06T19:16:44+00:00]: Error [2]: Undefined variable $title in resources/views/system_errors/exceptions.php on line 25
[php_errors] [2024-02-06T19:16:52+00:00]: Error [8192]: htmlspecialchars(): Passing null to parameter #1 ($string) of type string is deprecated in resources/views/system_errors/exceptions.php on line 12
[php_errors] [2024-02-06T19:16:52+00:00]: Error [8192]: htmlspecialchars(): Passing null to parameter #1 ($string) of type string is deprecated in resources/views/system_errors/exceptions.php on line 22
[php_errors] [2024-02-06T19:16:52+00:00]: Error [2]: Undefined variable $title in resources/views/system_errors/exceptions.php on line 25
[php_errors] [2024-02-06T19:17:12+00:00]: Error [8192]: htmlspecialchars(): Passing null to parameter #1 ($string) of type string is deprecated in resources/views/system_errors/exceptions.php on line 12
[php_errors] [2024-02-06T19:17:12+00:00]: Error [8192]: htmlspecialchars(): Passing null to parameter #1 ($string) of type string is deprecated in resources/views/system_errors/exceptions.php on line 22
[php_errors] [2024-02-06T19:17:12+00:00]: Error [2]: Undefined variable $title in resources/views/system_errors/exceptions.php on line 25
[php_errors] [2024-02-06T19:17:41+00:00]: Error [8192]: htmlspecialchars(): Passing null to parameter #1 ($string) of type string is deprecated in resources/views/system_errors/exceptions.php on line 12
[php_errors] [2024-02-06T19:17:41+00:00]: Error [8192]: htmlspecialchars(): Passing null to parameter #1 ($string) of type string is deprecated in resources/views/system_errors/exceptions.php on line 22
[php_errors] [2024-02-06T19:17:41+00:00]: Error [2]: Undefined variable $title in resources/views/system_errors/exceptions.php on line 25
[php_errors] [2024-02-06T19:18:38+00:00]: Error [8192]: htmlspecialchars(): Passing null to parameter #1 ($string) of type string is deprecated in resources/views/system_errors/exceptions.php on line 13
[php_errors] [2024-02-06T19:18:38+00:00]: Error [8192]: htmlspecialchars(): Passing null to parameter #1 ($string) of type string is deprecated in resources/views/system_errors/exceptions.php on line 23
[php_errors] [2024-02-06T19:18:38+00:00]: Error [2]: Undefined variable $title in resources/views/system_errors/exceptions.php on line 26
[php_errors] [2024-02-06T19:20:14+00:00]: Error [8192]: htmlspecialchars(): Passing null to parameter #1 ($string) of type string is deprecated in resources/views/system_errors/exceptions.php on line 13
[php_errors] [2024-02-06T19:20:14+00:00]: Error [8192]: htmlspecialchars(): Passing null to parameter #1 ($string) of type string is deprecated in resources/views/system_errors/exceptions.php on line 23
[php_errors] [2024-02-06T19:20:14+00:00]: Error [2]: Undefined variable $title in resources/views/system_errors/exceptions.php on line 26
[php_errors] [2024-02-06T19:21:32+00:00]: Error [8192]: htmlspecialchars(): Passing null to parameter #1 ($string) of type string is deprecated in resources/views/system_errors/exceptions.php on line 13
[php_errors] [2024-02-06T19:21:32+00:00]: Error [8192]: htmlspecialchars(): Passing null to parameter #1 ($string) of type string is deprecated in resources/views/system_errors/exceptions.php on line 23
[php_errors] [2024-02-06T19:21:32+00:00]: Error [2]: Undefined variable $title in resources/views/system_errors/exceptions.php on line 26
[php_errors] [2024-02-06T19:28:22+00:00]: Error [8192]: htmlspecialchars(): Passing null to parameter #1 ($string) of type string is deprecated in resources/views/system_errors/exceptions.php on line 13
[php_errors] [2024-02-06T19:28:22+00:00]: Error [8192]: htmlspecialchars(): Passing null to parameter #1 ($string) of type string is deprecated in resources/views/system_errors/exceptions.php on line 23
[php_errors] [2024-02-06T19:28:22+00:00]: Error [2]: Undefined variable $title in resources/views/system_errors/exceptions.php on line 26
[php_errors] [2024-02-06T19:28:50+00:00]: Error [8192]: htmlspecialchars(): Passing null to parameter #1 ($string) of type string is deprecated in resources/views/system_errors/exceptions.php on line 13
[php_errors] [2024-02-06T19:28:50+00:00]: Error [8192]: htmlspecialchars(): Passing null to parameter #1 ($string) of type string is deprecated in resources/views/system_errors/exceptions.php on line 23
[php_errors] [2024-02-06T19:28:50+00:00]: Error [2]: Undefined variable $title in resources/views/system_errors/exceptions.php on line 26
[php_errors] [2024-02-06T20:19:01+00:00]: Error [8192]: htmlspecialchars(): Passing null to parameter #1 ($string) of type string is deprecated in resources/views/system_errors/exceptions.php on line 13
[php_errors] [2024-02-06T20:19:01+00:00]: Error [8192]: htmlspecialchars(): Passing null to parameter #1 ($string) of type string is deprecated in resources/views/system_errors/exceptions.php on line 23
[php_errors] [2024-02-06T20:19:01+00:00]: Error [2]: Undefined variable $title in resources/views/system_errors/exceptions.php on line 26
[php_errors] [2024-02-06T20:20:37+00:00]: Error [8192]: htmlspecialchars(): Passing null to parameter #1 ($string) of type string is deprecated in resources/views/system_errors/exceptions.php on line 13
[php_errors] [2024-02-06T20:20:37+00:00]: Error [2]: Undefined variable $title in resources/views/system_errors/exceptions.php on line 26
[php_errors] [2024-02-06T20:21:34+00:00]: Error [8192]: htmlspecialchars(): Passing null to parameter #1 ($string) of type string is deprecated in resources/views/system_errors/exceptions.php on line 13
[php_errors] [2024-02-06T20:21:34+00:00]: Error [2]: Undefined variable $title in resources/views/system_errors/exceptions.php on line 26
[php_errors] [2024-02-06T20:21:53+00:00]: Error [8192]: htmlspecialchars(): Passing null to parameter #1 ($string) of type string is deprecated in resources/views/system_errors/exceptions.php on line 13
[php_errors] [2024-02-06T20:22:09+00:00]: Error [8192]: htmlspecialchars(): Passing null to parameter #1 ($string) of type string is deprecated in resources/views/system_errors/exceptions.php on line 13
[php_errors] [2024-02-06T20:22:50+00:00]: Error [8192]: htmlspecialchars(): Passing null to parameter #1 ($string) of type string is deprecated in resources/views/system_errors/exceptions.php on line 13
[php_errors] [2024-02-06T20:22:50+00:00]: Error [2]: Undefined variable $title in resources/views/system_errors/exceptions.php on line 26
